c:\users\tomke\desktop\cmp2090\cmp2090 code\cppprojectuni\cppprojectuni\debug\largeimage.nativecodeanalysis.xml
c:\users\tomke\desktop\cmp2090\cmp2090 code\cppprojectuni\cppprojectuni\debug\source.nativecodeanalysis.xml
c:\users\tomke\desktop\cmp2090\cmp2090 code\cppprojectuni\cppprojectuni\debug\match.nativecodeanalysis.xml
c:\users\tomke\desktop\cmp2090\cmp2090 code\cppprojectuni\cppprojectuni\debug\matrix.nativecodeanalysis.xml
c:\users\tomke\desktop\cmp2090\cmp2090 code\cppprojectuni\cppprojectuni\debug\area.nativecodeanalysis.xml
c:\users\tomke\desktop\cmp2090\cmp2090 code\cppprojectuni\cppprojectuni\debug\vc141.pdb
c:\users\tomke\desktop\cmp2090\cmp2090 code\cppprojectuni\cppprojectuni\debug\vc141.idb
c:\users\tomke\desktop\cmp2090\cmp2090 code\cppprojectuni\cppprojectuni\debug\area.obj
c:\users\tomke\desktop\cmp2090\cmp2090 code\cppprojectuni\cppprojectuni\debug\matrix.obj
c:\users\tomke\desktop\cmp2090\cmp2090 code\cppprojectuni\cppprojectuni\debug\match.obj
c:\users\tomke\desktop\cmp2090\cmp2090 code\cppprojectuni\cppprojectuni\debug\source.obj
c:\users\tomke\desktop\cmp2090\cmp2090 code\cppprojectuni\cppprojectuni\debug\largeimage.obj
c:\users\tomke\desktop\cmp2090\cmp2090 code\cppprojectuni\debug\cppprojectuni.exe
c:\users\tomke\desktop\cmp2090\cmp2090 code\cppprojectuni\debug\cppprojectuni.ilk
c:\users\tomke\desktop\cmp2090\cmp2090 code\cppprojectuni\debug\cppprojectuni.pdb
c:\users\tomke\desktop\cmp2090\cmp2090 code\cppprojectuni\cppprojectuni\debug\nativecodeanalysis.read.1.tlog
c:\users\tomke\desktop\cmp2090\cmp2090 code\cppprojectuni\cppprojectuni\debug\vc.nativecodeanalysis.all.xml
c:\users\tomke\desktop\cmp2090\cmp2090 code\cppprojectuni\cppprojectuni\debug\cppprojectuni.tlog\cl.command.1.tlog
c:\users\tomke\desktop\cmp2090\cmp2090 code\cppprojectuni\cppprojectuni\debug\cppprojectuni.tlog\cl.read.1.tlog
c:\users\tomke\desktop\cmp2090\cmp2090 code\cppprojectuni\cppprojectuni\debug\cppprojectuni.tlog\cl.write.1.tlog
c:\users\tomke\desktop\cmp2090\cmp2090 code\cppprojectuni\cppprojectuni\debug\cppprojectuni.tlog\link.command.1.tlog
c:\users\tomke\desktop\cmp2090\cmp2090 code\cppprojectuni\cppprojectuni\debug\cppprojectuni.tlog\link.read.1.tlog
c:\users\tomke\desktop\cmp2090\cmp2090 code\cppprojectuni\cppprojectuni\debug\cppprojectuni.tlog\link.write.1.tlog
